{
  "RSpec": {
    "coverage": {
      "/Users/rostammahabadi/Mod3/sweater_weather/app/models/states_helper.rb": {
        "lines": [
          1,
          1,
          null,
          null,
          null,
          null,
          null,
          null,
          null,
          null,
          null,
          null,
          null,
          null,
          null,
          null,
          null,
          null,
          null,
          null,
          null,
          null,
          null,
          null,
          null,
          null,
          null,
          null,
          null,
          null,
          null,
          null,
          null,
          null,
          null,
          null,
          null,
          null,
          null,
          null,
          null,
          null,
          null,
          null,
          null,
          null,
          null,
          null,
          null,
          null,
          null,
          null,
          null,
          null,
          null,
          null,
          null,
          null,
          null
        ]
      },
      "/Users/rostammahabadi/Mod3/sweater_weather/spec/requests/forecast_spec.rb": {
        "lines": [
          1,
          null,
          1,
          1,
          1,
          null,
          1,
          null,
          1,
          null,
          1,
          null,
          1,
          1,
          1,
          1,
          1,
          1,
          1,
          1,
          1,
          1,
          null,
          1,
          1,
          1,
          1,
          1,
          null,
          1,
          1,
          1,
          1,
          null,
          null,
          1,
          1,
          1,
          null,
          1,
          1,
          1,
          null,
          null,
          null
        ]
      },
      "/Users/rostammahabadi/Mod3/sweater_weather/spec/requests/road_trip_spec.rb": {
        "lines": [
          1,
          null,
          1,
          1,
          1,
          1,
          null,
          1,
          null,
          1,
          1,
          1,
          1,
          1,
          1,
          1,
          null,
          null,
          1,
          1,
          1,
          1,
          null,
          1,
          1,
          null,
          null,
          1,
          1,
          1,
          1,
          null,
          1,
          1,
          null,
          null,
          1,
          1,
          1,
          1,
          null,
          1,
          1,
          null,
          null,
          1,
          1,
          1,
          1,
          null,
          1,
          1,
          null,
          null,
          null
        ]
      },
      "/Users/rostammahabadi/Mod3/sweater_weather/spec/requests/sessions_spec.rb": {
        "lines": [
          1,
          null,
          1,
          1,
          1,
          1,
          null,
          1,
          null,
          1,
          1,
          1,
          1,
          1,
          1,
          null,
          null,
          1,
          1,
          null,
          1,
          1,
          null,
          1,
          null,
          null,
          1,
          1,
          1,
          1,
          null,
          1,
          null,
          1,
          null,
          null,
          null
        ]
      },
      "/Users/rostammahabadi/Mod3/sweater_weather/spec/requests/users_spec.rb": {
        "lines": [
          1,
          null,
          1,
          1,
          1,
          null,
          1,
          null,
          1,
          1,
          1,
          1,
          1,
          1,
          null,
          null,
          1,
          1,
          null,
          1,
          null,
          1,
          null,
          1,
          1,
          null,
          null,
          1,
          1,
          null,
          1,
          null,
          1,
          null,
          1,
          null,
          null,
          1,
          1,
          null,
          1,
          null,
          1,
          null,
          1,
          null,
          null,
          null
        ]
      },
      "/Users/rostammahabadi/Mod3/sweater_weather/spec/services/mapquest_directions_service_spec.rb": {
        "lines": [
          1,
          null,
          1,
          1,
          1,
          1,
          null,
          1,
          null,
          null,
          null
        ]
      },
      "/Users/rostammahabadi/Mod3/sweater_weather/spec/services/mapquest_geocoding_spec.rb": {
        "lines": [
          1,
          null,
          1,
          1,
          null,
          1,
          null,
          1,
          null,
          1,
          1,
          null,
          null,
          1,
          1,
          1,
          1,
          1,
          1,
          null,
          null,
          null
        ]
      },
      "/Users/rostammahabadi/Mod3/sweater_weather/spec/services/one_call_weather_spec.rb": {
        "lines": [
          1,
          null,
          1,
          1,
          1,
          null,
          1,
          null,
          1,
          1,
          1,
          1,
          1,
          1,
          1,
          1,
          1,
          1,
          1,
          1,
          null,
          null
        ]
      },
      "/Users/rostammahabadi/Mod3/sweater_weather/spec/services/open_weather_api_spec.rb": {
        "lines": [
          1,
          null,
          1,
          1,
          1,
          null,
          1,
          null,
          1,
          1,
          1,
          1,
          1,
          1,
          null,
          null
        ]
      },
      "/Users/rostammahabadi/Mod3/sweater_weather/app/POROS/validation.rb": {
        "lines": [
          1,
          1,
          1,
          13,
          13,
          13,
          null,
          null,
          1,
          13,
          9,
          9,
          6,
          6,
          6,
          6,
          null,
          null
        ]
      },
      "/Users/rostammahabadi/Mod3/sweater_weather/app/controllers/application_controller.rb": {
        "lines": [
          1,
          1,
          null
        ]
      },
      "/Users/rostammahabadi/Mod3/sweater_weather/app/controllers/api/v1/forecast_controller.rb": {
        "lines": [
          1,
          1,
          2,
          1,
          null,
          1,
          null,
          null,
          null,
          1,
          null,
          1,
          5,
          null,
          null,
          1,
          3,
          3,
          2,
          2,
          2,
          null,
          null,
          null,
          null,
          null
        ]
      },
      "/Users/rostammahabadi/Mod3/sweater_weather/app/facades/mapquest_facade.rb": {
        "lines": [
          1,
          1,
          1,
          5,
          5,
          null,
          null,
          1,
          8,
          null,
          null
        ]
      },
      "/Users/rostammahabadi/Mod3/sweater_weather/app/services/mapquest_address_service.rb": {
        "lines": [
          1,
          null,
          1,
          8,
          8,
          8,
          null,
          null,
          null,
          1,
          null,
          1,
          8,
          8,
          8,
          8,
          8,
          null,
          null,
          null,
          1,
          8,
          8,
          null,
          null,
          1,
          8,
          null,
          null,
          1,
          8,
          null,
          null
        ]
      },
      "/Users/rostammahabadi/Mod3/sweater_weather/app/facades/weather_facade.rb": {
        "lines": [
          1,
          1,
          1,
          2,
          null,
          null,
          1,
          2,
          null,
          null
        ]
      },
      "/Users/rostammahabadi/Mod3/sweater_weather/app/services/open_weather_service.rb": {
        "lines": [
          1,
          1,
          3,
          3,
          null,
          null,
          1,
          null,
          1,
          3,
          3,
          null,
          null,
          1,
          3,
          3,
          null,
          null,
          null
        ]
      },
      "/Users/rostammahabadi/Mod3/sweater_weather/app/serializers/forecast_serializer.rb": {
        "lines": [
          1,
          1,
          1,
          1,
          null
        ]
      },
      "/Users/rostammahabadi/Mod3/sweater_weather/app/POROS/weather.rb": {
        "lines": [
          1,
          1,
          1,
          1,
          1,
          1,
          1,
          1,
          1,
          null,
          null,
          1,
          1,
          1,
          1,
          1,
          1,
          1,
          1,
          1,
          1,
          1,
          null,
          null,
          1,
          1,
          6,
          6,
          6,
          6,
          6,
          6,
          6,
          null,
          null,
          null,
          1,
          1,
          8,
          8,
          8,
          8,
          8,
          null,
          null,
          null,
          1,
          1,
          null,
          null
        ]
      },
      "/Users/rostammahabadi/Mod3/sweater_weather/app/models/user.rb": {
        "lines": [
          1,
          1,
          1,
          1,
          1,
          1,
          1,
          1,
          null,
          1,
          9,
          null,
          null
        ]
      },
      "/Users/rostammahabadi/Mod3/sweater_weather/app/models/application_record.rb": {
        "lines": [
          1,
          1,
          null
        ]
      },
      "/Users/rostammahabadi/Mod3/sweater_weather/app/controllers/api/v1/road_trip_controller.rb": {
        "lines": [
          1,
          1,
          5,
          4,
          4,
          3,
          1,
          null,
          2,
          null,
          null,
          1,
          null,
          null,
          1,
          null,
          null,
          null,
          1,
          null,
          1,
          16,
          null,
          null,
          1,
          1,
          1,
          1,
          null,
          null,
          1,
          3,
          null,
          null
        ]
      },
      "/Users/rostammahabadi/Mod3/sweater_weather/app/serializers/road_trip_serializer.rb": {
        "lines": [
          1,
          1,
          1,
          1,
          1,
          null
        ]
      },
      "/Users/rostammahabadi/Mod3/sweater_weather/app/facades/directions_facade.rb": {
        "lines": [
          1,
          1,
          1,
          1,
          1,
          1,
          1,
          null,
          null,
          1,
          null,
          1,
          1,
          null,
          null,
          1,
          1,
          1,
          null,
          null,
          null,
          1,
          2,
          null,
          null,
          1,
          1,
          null,
          null
        ]
      },
      "/Users/rostammahabadi/Mod3/sweater_weather/app/services/mapquest_direction_service.rb": {
        "lines": [
          1,
          1,
          2,
          2,
          2,
          null,
          null,
          null,
          1,
          null,
          1,
          2,
          2,
          2,
          2,
          2,
          2,
          2,
          2,
          null,
          null,
          null,
          1,
          2,
          2,
          null,
          null
        ]
      },
      "/Users/rostammahabadi/Mod3/sweater_weather/app/controllers/api/v1/sessions_controller.rb": {
        "lines": [
          1,
          1,
          3,
          3,
          2,
          1,
          null,
          1,
          null,
          null,
          1,
          null,
          null,
          null
        ]
      },
      "/Users/rostammahabadi/Mod3/sweater_weather/app/serializers/user_serializer.rb": {
        "lines": [
          1,
          1,
          1,
          1,
          null
        ]
      },
      "/Users/rostammahabadi/Mod3/sweater_weather/app/controllers/api/v1/users_controller.rb": {
        "lines": [
          1,
          1,
          4,
          4,
          1,
          null,
          3,
          null,
          null,
          null,
          1,
          null,
          1,
          4,
          null,
          null,
          null
        ]
      }
    },
    "timestamp": 1596569744
  }
}
